[LOG] System::create                           : Header version = 1.10.03. Current version = 1.10.03.
[LOG] SystemI::setOutputInternal               : Setting output to 'FMOD WASAPI Output'
[LOG] Manager::init                            : maxchannels = 1024 studioflags = 00000009 flags 00000000 extradriverdata 0000000000000000.
[LOG] SystemI::init                            : Initialize version=11003 (93157), maxchannels=1024, flags=0x00030000
[LOG] OutputWASAPI::init                       : Mix Format (WAVEFORMATEX): wFormatTag=0xFFFE, nChannels=2, nSamplesPerSec=48000, nAvgBytesPerSec=384000, nBlockAlign=8, wBitsPerSample=32, cbSize=22.
[LOG] OutputWASAPI::init                       : Mix Format (WAVEFORMATEXTENSIBLE): wValidBitsPerSample=32, dwChannelMask=0x00000003, SubFormat=00000003-0000-0010-8000-00AA00389B71.
[LOG] OutputWASAPI::init                       : Output buffer size: 4096 samples, latency: 0.00ms, period: 10.00ms, DSP buffer: 1024 * 4
[LOG] Thread::initThread                       : Init FMOD stream thread. Priority: 2, Stack Size: 65536, Semaphore: No, Sleep Time: 10, Looping: Yes.
[LOG] SystemI::DSPCodecPoolRegister            : register codec pool for pool type 5
[LOG] Thread::initThread                       : Init FMOD mixer thread. Priority: 3, Stack Size: 49152, Semaphore: No, Sleep Time: 0, Looping: Yes.
[LOG] AsyncManager::init                       : manager 00000000EB2230A8 isAsync 1 updatePeriod 0.02
[LOG] Thread::initThread                       : Init FMOD Studio update thread. Priority: 0, Stack Size: 65536, Semaphore: No, Sleep Time: 1, Looping: No.
[LOG] AsyncManager::init                       : done
[LOG] PlaybackSystem::init                     : 
[LOG] Thread::initThread                       : Init FMOD Studio sample load thread. Priority: 0, Stack Size: 65536, Semaphore: No, Sleep Time: 1, Looping: No.
[LOG] PlaybackSystem::init                     : done
[LOG] LiveUpdate::init                         : 
[LOG] Thread::initThread                       : Init FMOD Studio bank load thread. Priority: 0, Stack Size: 65536, Semaphore: No, Sleep Time: 1, Looping: No.
[LOG] Manager::init                            : done.
[ERR] FMOD_OS_Net_Listen                       : bind failed 10048
[ERR] AsyncManager::asyncThreadLoop            : System::update returned error 43.
[ERR] FMOD_OS_Net_Listen                       : bind failed 10048
[ERR] AsyncManager::asyncThreadLoop            : System::update returned error 43.
[ERR] system_release                           : Failed to call stopRecordCommands during system release (Error code 43)
[ERR] system_release                           : Failed to call flushCommands during system release (Error code 43)
[LOG] Thread::callback                         : FMOD Studio update thread finished.
[LOG] Thread::callback                         : FMOD Studio bank load thread finished.
[LOG] Profile::disconnectAll                   : Profiler disconnecting all clients
[LOG] Thread::callback                         : FMOD Studio sample load thread finished.
[LOG] LiveUpdate::release                      : 
[LOG] LiveUpdate::reset                        : Reset connection (reason Disconnected)
[ERR] FMOD_OS_Net_Listen                       : bind failed 10048
[ERR] FMOD_OS_Net_Listen                       : bind failed 10048
[LOG] Thread::callback                         : FMOD stream thread finished.
[LOG] Thread::callback                         : FMOD mixer thread finished.
[LOG] Profile::disconnectAll                   : Profiler disconnecting all clients
[LOG] SystemI::close                           : Closed.
[LOG] System::create                           : Header version = 1.10.03. Current version = 1.10.03.
[LOG] SystemI::setOutputInternal               : Setting output to 'FMOD WASAPI Output'
[LOG] Manager::init                            : maxchannels = 1024 studioflags = 00000008 flags 00000000 extradriverdata 0000000000000000.
[LOG] SystemI::init                            : Initialize version=11003 (93157), maxchannels=1024, flags=0x00020000
[LOG] OutputWASAPI::init                       : Mix Format (WAVEFORMATEX): wFormatTag=0xFFFE, nChannels=2, nSamplesPerSec=48000, nAvgBytesPerSec=384000, nBlockAlign=8, wBitsPerSample=32, cbSize=22.
[LOG] OutputWASAPI::init                       : Mix Format (WAVEFORMATEXTENSIBLE): wValidBitsPerSample=32, dwChannelMask=0x00000003, SubFormat=00000003-0000-0010-8000-00AA00389B71.
[LOG] OutputWASAPI::init                       : Output buffer size: 4096 samples, latency: 0.00ms, period: 10.00ms, DSP buffer: 1024 * 4
[LOG] Thread::initThread                       : Init FMOD stream thread. Priority: 2, Stack Size: 65536, Semaphore: No, Sleep Time: 10, Looping: Yes.
[LOG] SystemI::DSPCodecPoolRegister            : register codec pool for pool type 5
[LOG] Thread::initThread                       : Init FMOD mixer thread. Priority: 3, Stack Size: 49152, Semaphore: No, Sleep Time: 0, Looping: Yes.
[LOG] AsyncManager::init                       : manager 00000000EB221888 isAsync 1 updatePeriod 0.02
[LOG] Thread::initThread                       : Init FMOD Studio update thread. Priority: 0, Stack Size: 65536, Semaphore: No, Sleep Time: 1, Looping: No.
[LOG] AsyncManager::init                       : done
[LOG] PlaybackSystem::init                     : 
[LOG] Thread::initThread                       : Init FMOD Studio sample load thread. Priority: 0, Stack Size: 65536, Semaphore: No, Sleep Time: 1, Looping: No.
[LOG] PlaybackSystem::init                     : done
[LOG] Thread::initThread                       : Init FMOD Studio bank load thread. Priority: 0, Stack Size: 65536, Semaphore: No, Sleep Time: 1, Looping: No.
[LOG] Manager::init                            : done.
[LOG] Manager::readBank                        : fileversion = 100, compatVersion = 99 (oldest = 44, newest = 100)
[LOG] Manager::readBank                        : fileversion = 100, compatVersion = 99 (oldest = 44, newest = 100)
[LOG] PlaybackSystem::acquireMasterBus         : Setting master channel group format to 6
[LOG] SystemI::createSoundInternal             : Create name='', mode=0x02000202
[LOG] SystemI::createSoundInternal             : exinfo->cbsize             = 232
[LOG] SystemI::createSoundInternal             : exinfo->length             = 14190528
[LOG] SystemI::createSoundInternal             : exinfo->fileoffset         = 14061600
[LOG] SystemI::createSoundInternal             : exinfo->numsubsounds       = 1
[LOG] SystemI::createSoundInternal             : exinfo->inclusionlist      = 000000009470F5FC
[LOG] SystemI::createSoundInternal             : exinfo->inclusionlistnum   = 1
[LOG] SystemI::createSoundInternal             : exinfo->suggestedsoundtype = 5
[LOG] SystemI::createSoundInternal             : exinfo->useropen           = 00007FFC08275EC0
[LOG] SystemI::createSoundInternal             : exinfo->userclose          = 00007FFC08275E90
[LOG] SystemI::createSoundInternal             : exinfo->userread           = 00007FFC08275F90
[LOG] SystemI::createSoundInternal             : exinfo->userseek           = 00007FFC08276040
[LOG] SystemI::createSoundInternal             : exinfo->fileuserdata       = 00000000440ADD08
[LOG] SystemI::createSoundInternal             : exinfo->initialseekpostype = 1
[LOG] SystemI::DSPCodecPoolRegister            : register codec pool for pool type 5
[LOG] SystemI::createSoundInternal             : Sample 0/1: name='Low grunt angry_BLASTWAVEFX_17741', format=2, channels=2, frequency=48000, lengthbytes=6176, lengthpcm=28839, pcmblocksize=0, loopstart=0, loopend=0, mode=0x00000000, channelmask=0x00000000, channelorder=0, peakvolume=0.889008.
[LOG] SystemI::createSoundInternal             : Create name='', mode=0x02000202
[LOG] SystemI::createSoundInternal             : exinfo->cbsize             = 232
[LOG] SystemI::createSoundInternal             : exinfo->length             = 14190528
[LOG] SystemI::createSoundInternal             : exinfo->fileoffset         = 14061600
[LOG] SystemI::createSoundInternal             : exinfo->numsubsounds       = 1
[LOG] SystemI::createSoundInternal             : exinfo->inclusionlist      = 000000009470F5FC
[LOG] SystemI::createSoundInternal             : exinfo->inclusionlistnum   = 1
[LOG] SystemI::createSoundInternal             : exinfo->suggestedsoundtype = 5
[LOG] SystemI::createSoundInternal             : exinfo->useropen           = 00007FFC08275EC0
[LOG] SystemI::createSoundInternal             : exinfo->userclose          = 00007FFC08275E90
[LOG] SystemI::createSoundInternal             : exinfo->userread           = 00007FFC08275F90
[LOG] SystemI::createSoundInternal             : exinfo->userseek           = 00007FFC08276040
[LOG] SystemI::createSoundInternal             : exinfo->fileuserdata       = 00000000440AD8C8
[LOG] SystemI::createSoundInternal             : exinfo->initialseekpostype = 1
[LOG] SystemI::DSPCodecPoolRegister            : register codec pool for pool type 5
[LOG] SystemI::createSoundInternal             : Sample 0/1: name='Vocal recation punch low grunt_BLASTWAVEFX_09328', format=2, channels=2, frequency=48000, lengthbytes=6368, lengthpcm=35108, pcmblocksize=0, loopstart=0, loopend=0, mode=0x00000000, channelmask=0x00000000, channelorder=0, peakvolume=0.896790.
[LOG] SystemI::createSoundInternal             : Create name='', mode=0x02000202
[LOG] SystemI::createSoundInternal             : exinfo->cbsize             = 232
[LOG] SystemI::createSoundInternal             : exinfo->length             = 14190528
[LOG] SystemI::createSoundInternal             : exinfo->fileoffset         = 14061600
[LOG] SystemI::createSoundInternal             : exinfo->numsubsounds       = 1
[LOG] SystemI::createSoundInternal             : exinfo->inclusionlist      = 000000009470F5FC
[LOG] SystemI::createSoundInternal             : exinfo->inclusionlistnum   = 1
[LOG] SystemI::createSoundInternal             : exinfo->suggestedsoundtype = 5
[LOG] SystemI::createSoundInternal             : exinfo->useropen           = 00007FFC08275EC0
[LOG] SystemI::createSoundInternal             : exinfo->userclose          = 00007FFC08275E90
[LOG] SystemI::createSoundInternal             : exinfo->userread           = 00007FFC08275F90
[LOG] SystemI::createSoundInternal             : exinfo->userseek           = 00007FFC08276040
[LOG] SystemI::createSoundInternal             : exinfo->fileuserdata       = 00000000440AD8C8
[LOG] SystemI::createSoundInternal             : exinfo->initialseekpostype = 1
[LOG] SystemI::DSPCodecPoolRegister            : register codec pool for pool type 5
[LOG] SystemI::createSoundInternal             : Sample 0/1: name='Matter Mayhem - Debris _Small Blowup_Heap of Pebbles_Mid-02', format=2, channels=2, frequency=48000, lengthbytes=38720, lengthpcm=136672, pcmblocksize=0, loopstart=0, loopend=0, mode=0x00000000, channelmask=0x00000000, channelorder=0, peakvolume=0.879395.
[LOG] SystemI::createSoundInternal             : Create name='', mode=0x02000202
[LOG] SystemI::createSoundInternal             : exinfo->cbsize             = 232
[LOG] SystemI::createSoundInternal             : exinfo->length             = 14190528
[LOG] SystemI::createSoundInternal             : exinfo->fileoffset         = 14061600
[LOG] SystemI::createSoundInternal             : exinfo->numsubsounds       = 1
[LOG] SystemI::createSoundInternal             : exinfo->inclusionlist      = 000000009470F5FC
[LOG] SystemI::createSoundInternal             : exinfo->inclusionlistnum   = 1
[LOG] SystemI::createSoundInternal             : exinfo->suggestedsoundtype = 5
[LOG] SystemI::createSoundInternal             : exinfo->useropen           = 00007FFC08275EC0
[LOG] SystemI::createSoundInternal             : exinfo->userclose          = 00007FFC08275E90
[LOG] SystemI::createSoundInternal             : exinfo->userread           = 00007FFC08275F90
[LOG] SystemI::createSoundInternal             : exinfo->userseek           = 00007FFC08276040
[LOG] SystemI::createSoundInternal             : exinfo->fileuserdata       = 00000000440AD8C8
[LOG] SystemI::createSoundInternal             : exinfo->initialseekpostype = 1
[LOG] SystemI::DSPCodecPoolRegister            : register codec pool for pool type 5
[LOG] SystemI::createSoundInternal             : Sample 0/1: name='Sword swings in air_AOS02637', format=2, channels=2, frequency=48000, lengthbytes=9632, lengthpcm=41377, pcmblocksize=0, loopstart=0, loopend=0, mode=0x00000000, channelmask=0x00000000, channelorder=0, peakvolume=0.943024.
[LOG] SystemI::createSoundInternal             : Create name='', mode=0x02000202
[LOG] SystemI::createSoundInternal             : exinfo->cbsize             = 232
[LOG] SystemI::createSoundInternal             : exinfo->length             = 14190528
[LOG] SystemI::createSoundInternal             : exinfo->fileoffset         = 14061600
[LOG] SystemI::createSoundInternal             : exinfo->numsubsounds       = 1
[LOG] SystemI::createSoundInternal             : exinfo->inclusionlist      = 000000009470F5FC
[LOG] SystemI::createSoundInternal             : exinfo->inclusionlistnum   = 1
[LOG] SystemI::createSoundInternal             : exinfo->suggestedsoundtype = 5
[LOG] SystemI::createSoundInternal             : exinfo->useropen           = 00007FFC08275EC0
[LOG] SystemI::createSoundInternal             : exinfo->userclose          = 00007FFC08275E90
[LOG] SystemI::createSoundInternal             : exinfo->userread           = 00007FFC08275F90
[LOG] SystemI::createSoundInternal             : exinfo->userseek           = 00007FFC08276040
[LOG] SystemI::createSoundInternal             : exinfo->fileuserdata       = 00000000440AD8C8
[LOG] SystemI::createSoundInternal             : exinfo->initialseekpostype = 1
[LOG] SystemI::DSPCodecPoolRegister            : register codec pool for pool type 5
[LOG] SystemI::createSoundInternal             : Sample 0/1: name='Energy - short end sparkles-09', format=2, channels=2, frequency=48000, lengthbytes=13440, lengthpcm=53213, pcmblocksize=0, loopstart=0, loopend=0, mode=0x00000000, channelmask=0x00000000, channelorder=0, peakvolume=0.966054.
[LOG] SystemI::createSound                     : filename = E:\GIT\FModStuff\Anna_FMOD\FMOD\FMOD\FantasyHordeGame\Build\Desktop/Master Bank.bank : mode 02010082
[LOG] SystemI::createSound                     : FMOD_NONBLOCKING specified.  Putting into queue to be opened asynchronously!
[LOG] SystemI::createSound                     : setdata soundi = 000000007AB2F8B8 : node = 00000000E6128C50
[LOG] SystemI::createSound                     : add node to async list : head = 000000004B126598.  list count = 0
[LOG] AsyncThread::threadFunc                  : Starting Asynchronous operation on sound 000000007AB2F8B8
[LOG] SystemI::createSoundInternal             :     Create name='E:\GIT\FModStuff\Anna_FMOD\FMOD\FMOD\FantasyHordeGame\Build\Desktop/Master Bank.bank', mode=0x02010082
[LOG] SystemI::createSoundInternal             :     exinfo->cbsize             = 232
[LOG] SystemI::createSoundInternal             :     exinfo->length             = 14190528
[LOG] SystemI::createSoundInternal             :     exinfo->fileoffset         = 14061600
[LOG] SystemI::createSoundInternal             :     exinfo->numsubsounds       = 1
[LOG] SystemI::createSoundInternal             :     exinfo->inclusionlist      = 00000000E6128D68
[LOG] SystemI::createSoundInternal             :     exinfo->inclusionlistnum   = 1
[LOG] SystemI::createSoundInternal             :     exinfo->suggestedsoundtype = 5
[LOG] SystemI::createSoundInternal             :     exinfo->initialseekpostype = 1
[LOG] SystemI::createSoundInternal             :     Stream 0/1: name='WATER_SPLASHES_DEEP_WATER_SPLASH', format=2, channels=2, frequency=48000, lengthbytes=167936, lengthpcm=594337, pcmblocksize=0, loopstart=0, loopend=0, mode=0x00000000, channelmask=0x00000000, channelorder=0, peakvolume=0.651520.
[LOG] AsyncThread::threadFunc                  : Finished Asynchronous operation on sound 000000007AB2F8B8
[LOG] SoundI::getSubSound                      : sound 000000007AB2F8B8.  Subsound index 0 / 1
[LOG] SoundI::release                          : WATER_SPLASHES_DEEP_WATER_SPLASH (000000007AB2F8B8)
[LOG] SoundI::release                          :     WATER_SPLASHES_DEEP_WATER_SPLASH (000000004B129B88)
[LOG] SoundI::release                          :     WATER_SPLASHES_DEEP_WATER_SPLASH (000000004AE30C18)
[LOG] SystemI::createSound                     : filename = E:\GIT\FModStuff\Anna_FMOD\FMOD\FMOD\FantasyHordeGame\Build\Desktop/Master Bank.bank : mode 02010082
[LOG] SystemI::createSound                     : FMOD_NONBLOCKING specified.  Putting into queue to be opened asynchronously!
[LOG] SystemI::createSound                     : setdata soundi = 000000000275A278 : node = 00000000566C2A50
[LOG] SystemI::createSound                     : add node to async list : head = 000000004B126598.  list count = 0
[LOG] AsyncThread::threadFunc                  : Starting Asynchronous operation on sound 000000000275A278
[LOG] SystemI::createSoundInternal             :     Create name='E:\GIT\FModStuff\Anna_FMOD\FMOD\FMOD\FantasyHordeGame\Build\Desktop/Master Bank.bank', mode=0x02010082
[LOG] SystemI::createSoundInternal             :     exinfo->cbsize             = 232
[LOG] SystemI::createSoundInternal             :     exinfo->length             = 14190528
[LOG] SystemI::createSoundInternal             :     exinfo->fileoffset         = 14061600
[LOG] SystemI::createSoundInternal             :     exinfo->numsubsounds       = 1
[LOG] SystemI::createSoundInternal             :     exinfo->inclusionlist      = 00000000566C2B68
[LOG] SystemI::createSoundInternal             :     exinfo->inclusionlistnum   = 1
[LOG] SystemI::createSoundInternal             :     exinfo->suggestedsoundtype = 5
[LOG] SystemI::createSoundInternal             :     exinfo->initialseekpostype = 1
[LOG] SystemI::createSoundInternal             :     Stream 0/1: name='WATER_SPLASHES_DEEP_WATER_SPLASH', format=2, channels=2, frequency=48000, lengthbytes=167936, lengthpcm=594337, pcmblocksize=0, loopstart=0, loopend=0, mode=0x00000000, channelmask=0x00000000, channelorder=0, peakvolume=0.651520.
[LOG] AsyncThread::threadFunc                  : Finished Asynchronous operation on sound 000000000275A278
[LOG] SoundI::getSubSound                      : sound 000000000275A278.  Subsound index 0 / 1
[LOG] SoundI::release                          : WATER_SPLASHES_DEEP_WATER_SPLASH (000000000275A278)
[LOG] SoundI::release                          :     WATER_SPLASHES_DEEP_WATER_SPLASH (000000004B1272E8)
[LOG] SoundI::release                          :     WATER_SPLASHES_DEEP_WATER_SPLASH (000000007AB2F708)
[LOG] SoundI::release                          :  (000000004B0488D8)
[LOG] SoundI::release                          :     Low grunt angry_BLASTWAVEFX_17741 (000000004B127FE8)
[LOG] SoundI::release                          :  (000000007C96BDE8)
[LOG] SoundI::release                          :     Energy - short end sparkles-09 (000000004B127148)
[LOG] SoundI::release                          :  (00000000130B0DA8)
[LOG] SoundI::release                          :     Vocal recation punch low grunt_BLASTWAVEFX_09328 (000000004B126FA8)
[LOG] SoundI::release                          :  (000000007C96BC78)
[LOG] SoundI::release                          :     Matter Mayhem - Debris _Small Blowup_Heap of Pebbles_Mid-02 (000000004B1277C8)
[LOG] SoundI::release                          :  (000000007C96B3D8)
[LOG] SoundI::release                          :     Sword swings in air_AOS02637 (000000004B1296A8)
[LOG] Thread::callback                         : FMOD Studio update thread finished.
[LOG] Thread::callback                         : FMOD Studio bank load thread finished.
[LOG] Thread::callback                         : FMOD Studio sample load thread finished.
[LOG] LiveUpdate::release                      : 
[LOG] LiveUpdate::reset                        : Reset connection (reason Disconnected)
[LOG] Thread::callback                         : FMOD stream thread finished.
[LOG] Thread::callback                         : FMOD mixer thread finished.
[LOG] SystemI::close                           : Closed.
